Determining if the pthread_create exist failed with the following output:
Change Dir: /home/sergei/Desktop/lab11/cmake-build-debug/CMakeFiles/CMakeTmp

Run Build Command(s):/usr/bin/make cmTC_8a930/fast 
/usr/bin/make -f CMakeFiles/cmTC_8a930.dir/build.make CMakeFiles/cmTC_8a930.dir/build
make[1]: вход в каталог «/home/sergei/Desktop/lab11/cmake-build-debug/CMakeFiles/CMakeTmp»
Building C object CMakeFiles/cmTC_8a930.dir/CheckSymbolExists.c.o
/usr/bin/cc    -o CMakeFiles/cmTC_8a930.dir/CheckSymbolExists.c.o   -c /home/sergei/Desktop/lab11/cmake-build-debug/CMakeFiles/CMakeTmp/CheckSymbolExists.c
Linking C executable cmTC_8a930
/home/sergei/Desktop/clion-2019.2.1/bin/cmake/linux/bin/cmake -E cmake_link_script CMakeFiles/cmTC_8a930.dir/link.txt --verbose=1
/usr/bin/cc      CMakeFiles/cmTC_8a930.dir/CheckSymbolExists.c.o  -o cmTC_8a930 
CMakeFiles/cmTC_8a930.dir/CheckSymbolExists.c.o: In function `main':
CheckSymbolExists.c:(.text+0x16): undefined reference to `pthread_create'
collect2: error: ld returned 1 exit status
CMakeFiles/cmTC_8a930.dir/build.make:86: ошибка выполнения рецепта для цели «cmTC_8a930»
make[1]: *** [cmTC_8a930] Ошибка 1
make[1]: выход из каталога «/home/sergei/Desktop/lab11/cmake-build-debug/CMakeFiles/CMakeTmp»
Makefile:121: ошибка выполнения рецепта для цели «cmTC_8a930/fast»
make: *** [cmTC_8a930/fast] Ошибка 2

File /home/sergei/Desktop/lab11/cmake-build-debug/CMakeFiles/CMakeTmp/CheckSymbolExists.c:
/* */
#include <pthread.h>

int main(int argc, char** argv)
{
  (void)argv;
#ifndef pthread_create
  return ((int*)(&pthread_create))[argc];
#else
  (void)argc;
  return 0;
#endif
}

Determining if the function pthread_create exists in the pthreads failed with the following output:
Change Dir: /home/sergei/Desktop/lab11/cmake-build-debug/CMakeFiles/CMakeTmp

Run Build Command(s):/usr/bin/make cmTC_d4dd9/fast 
/usr/bin/make -f CMakeFiles/cmTC_d4dd9.dir/build.make CMakeFiles/cmTC_d4dd9.dir/build
make[1]: вход в каталог «/home/sergei/Desktop/lab11/cmake-build-debug/CMakeFiles/CMakeTmp»
Building C object CMakeFiles/cmTC_d4dd9.dir/CheckFunctionExists.c.o
/usr/bin/cc   -DCHECK_FUNCTION_EXISTS=pthread_create   -o CMakeFiles/cmTC_d4dd9.dir/CheckFunctionExists.c.o   -c /home/sergei/Desktop/clion-2019.2.1/bin/cmake/linux/share/cmake-3.14/Modules/CheckFunctionExists.c
Linking C executable cmTC_d4dd9
/home/sergei/Desktop/clion-2019.2.1/bin/cmake/linux/bin/cmake -E cmake_link_script CMakeFiles/cmTC_d4dd9.dir/link.txt --verbose=1
/usr/bin/cc  -DCHECK_FUNCTION_EXISTS=pthread_create    CMakeFiles/cmTC_d4dd9.dir/CheckFunctionExists.c.o  -o cmTC_d4dd9 -lpthreads 
/usr/bin/ld: cannot find -lpthreads
collect2: error: ld returned 1 exit status
CMakeFiles/cmTC_d4dd9.dir/build.make:86: ошибка выполнения рецепта для цели «cmTC_d4dd9»
make[1]: *** [cmTC_d4dd9] Ошибка 1
make[1]: выход из каталога «/home/sergei/Desktop/lab11/cmake-build-debug/CMakeFiles/CMakeTmp»
Makefile:121: ошибка выполнения рецепта для цели «cmTC_d4dd9/fast»
make: *** [cmTC_d4dd9/fast] Ошибка 2


