Determining if the pthread_create exist failed with the following output:
Change Dir: /home/sergei/Desktop/lab11/CMakeFiles/CMakeTmp

Run Build Command:"/usr/bin/make" "cmTC_46303/fast"
/usr/bin/make -f CMakeFiles/cmTC_46303.dir/build.make CMakeFiles/cmTC_46303.dir/build
make[1]: вход в каталог «/home/sergei/Desktop/lab11/CMakeFiles/CMakeTmp»
Building C object CMakeFiles/cmTC_46303.dir/CheckSymbolExists.c.o
/usr/bin/cc     -o CMakeFiles/cmTC_46303.dir/CheckSymbolExists.c.o   -c /home/sergei/Desktop/lab11/CMakeFiles/CMakeTmp/CheckSymbolExists.c
Linking C executable cmTC_46303
/usr/bin/cmake -E cmake_link_script CMakeFiles/cmTC_46303.dir/link.txt --verbose=1
/usr/bin/cc       CMakeFiles/cmTC_46303.dir/CheckSymbolExists.c.o  -o cmTC_46303 
CMakeFiles/cmTC_46303.dir/CheckSymbolExists.c.o: In function `main':
CheckSymbolExists.c:(.text+0x16): undefined reference to `pthread_create'
collect2: error: ld returned 1 exit status
CMakeFiles/cmTC_46303.dir/build.make:97: ошибка выполнения рецепта для цели «cmTC_46303»
make[1]: *** [cmTC_46303] Ошибка 1
make[1]: выход из каталога «/home/sergei/Desktop/lab11/CMakeFiles/CMakeTmp»
Makefile:126: ошибка выполнения рецепта для цели «cmTC_46303/fast»
make: *** [cmTC_46303/fast] Ошибка 2

File /home/sergei/Desktop/lab11/CMakeFiles/CMakeTmp/CheckSymbolExists.c:
/* */
#include <pthread.h>

int main(int argc, char** argv)
{
  (void)argv;
#ifndef pthread_create
  return ((int*)(&pthread_create))[argc];
#else
  (void)argc;
  return 0;
#endif
}

Determining if the function pthread_create exists in the pthreads failed with the following output:
Change Dir: /home/sergei/Desktop/lab11/CMakeFiles/CMakeTmp

Run Build Command:"/usr/bin/make" "cmTC_7156d/fast"
/usr/bin/make -f CMakeFiles/cmTC_7156d.dir/build.make CMakeFiles/cmTC_7156d.dir/build
make[1]: вход в каталог «/home/sergei/Desktop/lab11/CMakeFiles/CMakeTmp»
Building C object CMakeFiles/cmTC_7156d.dir/CheckFunctionExists.c.o
/usr/bin/cc    -DCHECK_FUNCTION_EXISTS=pthread_create   -o CMakeFiles/cmTC_7156d.dir/CheckFunctionExists.c.o   -c /usr/share/cmake-3.5/Modules/CheckFunctionExists.c
Linking C executable cmTC_7156d
/usr/bin/cmake -E cmake_link_script CMakeFiles/cmTC_7156d.dir/link.txt --verbose=1
/usr/bin/cc   -DCHECK_FUNCTION_EXISTS=pthread_create    CMakeFiles/cmTC_7156d.dir/CheckFunctionExists.c.o  -o cmTC_7156d -lpthreads 
/usr/bin/ld: cannot find -lpthreads
collect2: error: ld returned 1 exit status
CMakeFiles/cmTC_7156d.dir/build.make:97: ошибка выполнения рецепта для цели «cmTC_7156d»
make[1]: *** [cmTC_7156d] Ошибка 1
make[1]: выход из каталога «/home/sergei/Desktop/lab11/CMakeFiles/CMakeTmp»
Makefile:126: ошибка выполнения рецепта для цели «cmTC_7156d/fast»
make: *** [cmTC_7156d/fast] Ошибка 2


